CCS PCM C Compiler, Version 5.008, 5967               16-mai-19 14:46

               Filename:   C:\Users\sky\Documents\CCS C Projects\led_pisca\led.lst

               ROM used:   51 words (1%)
                           Largest free fragment is 2048
               RAM used:   6 (2%) at main() level
                           7 (2%) worst case
               Stack used: 1 locations
               Stack size: 8

*
0000:  MOVLW  00
0001:  MOVWF  0A
0002:  GOTO   01A
0003:  NOP
.................... #include <16F877A.h> 
.................... //////// Standard Header file for the PIC16F877A device //////////////// 
.................... #device PIC16F877A 
....................  
.................... #list 
....................  
.................... #device ADC=10 
....................  
.................... #FUSES NOWDT                    //No Watch Dog Timer 
.................... #FUSES NOBROWNOUT               //No brownout reset 
.................... #FUSES NOLVP                    //No low voltage prgming, B3(PIC16) or B5(PIC18) used for I/O 
....................  
.................... #use delay(crystal=20000000) 
0004:  MOVLW  22
0005:  MOVWF  04
0006:  BCF    03.7
0007:  MOVF   00,W
0008:  BTFSC  03.2
0009:  GOTO   017
000A:  MOVLW  06
000B:  MOVWF  78
000C:  CLRF   77
000D:  DECFSZ 77,F
000E:  GOTO   00D
000F:  DECFSZ 78,F
0010:  GOTO   00C
0011:  MOVLW  7B
0012:  MOVWF  77
0013:  DECFSZ 77,F
0014:  GOTO   013
0015:  DECFSZ 00,F
0016:  GOTO   00A
0017:  BCF    0A.3
0018:  BCF    0A.4
0019:  GOTO   02E (RETURN)
....................  
.................... #define LED PIN_d1 
.................... #define DELAY 1000 
....................  
....................  
....................  
.................... void main() 
001A:  MOVF   03,W
001B:  ANDLW  1F
001C:  MOVWF  03
001D:  BSF    03.5
001E:  BSF    1F.0
001F:  BSF    1F.1
0020:  BSF    1F.2
0021:  BCF    1F.3
0022:  MOVLW  07
0023:  MOVWF  1C
0024:  BCF    03.7
.................... { 
....................  
....................    //Example blinking LED program 
....................    while(true) 
....................    { 
....................       output_toggle(LED); 
0025:  BCF    08.1
0026:  MOVLW  02
0027:  BCF    03.5
0028:  XORWF  08,F
....................       delay_ms(DELAY); 
0029:  MOVLW  04
002A:  MOVWF  21
002B:  MOVLW  FA
002C:  MOVWF  22
002D:  GOTO   004
002E:  DECFSZ 21,F
002F:  GOTO   02B
0030:  BSF    03.5
0031:  GOTO   025
....................    } 
....................  
.................... } 
0032:  SLEEP

Configuration Fuses:
   Word  1: 3F32   HS NOWDT PUT NOBROWNOUT NOLVP NOCPD NOWRT NODEBUG NOPROTECT
