
ROM used:   51/8192 (1%)
            51/8192 (1%) including unused fragments

            0.1 Average locations per line
            12.8 Average locations per statement

RAM used:   6/368 (2%) at main() level
            7/368 (2%) worst case

Stack used: 1 worst case (1 in main + 0 for interrupts)
Stack size: 8

Lines Stmts  %   Files
----- ----- ---  -----
   26     4 100  led.c
  661     0   0  ..\..\..\..\..\Program Files (x86)\PICC\Devices\16F877A.h
----- -----
  687     4 Total

Page ROM  %  RAM   Vol Diff  Functions:
---- --- --- ---   --- ----  ----------
0     22  43    1             @delay_ms1
0     25  49    1    48  1.4  main
 Inline         0             @cinit1

Program metrics:
    Functions               1
    Statements              4
    Comments                111
    Volume (V)              52
    Difficulty (D)          1.1
    Effort to implement (E) 58
    Time to implement (T)   0 minutes
    Est Delivered Bugs (B)  0
    Cyclomatic Complexity   1
    Maintainability (MI)    99

 Segment     Used  Free
-----------  ----  ----
00000-00003     4  0  
00004-007FF    47  1997  
00800-00FFF     0  2048  
01000-017FF     0  2048  
01800-01FFF     0  2048  



