
ROM used:   1084/8192 (13%)
            1084/8192 (13%) including unused fragments

            1.2 Average locations per line
            19.0 Average locations per statement

RAM used:   15/368 (4%) at main() level
            37/368 (10%) worst case

Stack used: 3 worst case (3 in main + 0 for interrupts)
Stack size: 8

Lines Stmts  %   Files
----- ----- ---  -----
   31     9  16  pid_temp_final.c
  661     0   0  ..\..\..\..\..\Program Files (x86)\PICC\Devices\16F877A.h
  225    48  84  ..\..\..\..\..\Program Files (x86)\PICC\Drivers\ds18b20.c
----- -----
  917    57 Total

Page ROM  %  RAM   Vol Diff  Functions:
---- --- --- ---   --- ----  ----------
0     22   2    1             @delay_ms1
0     15   1    1             @delay_us1
0     36   3    2   207  3.2  ds18b20_start
 Inline         1   132  1.8  ds18b20_write
0     48   4    3   153  4.5  ds18b20_write_byte
0     33   3    1   160  2.2  ds18b20_read_bit
0     18   2    2   160  4.4  ds18b20_read_byte
 Inline         0    96  2.4  ds18b20_start_conversion
 Inline         6   351  5.0  ds18b20_get_conversion
0     65   6    2   113  3.2  ds18b20_read
0     92   8    4   176  4.1  MAIN
0     39   4    2             @SITOF
0    204  19   14             @DIVFF
 Inline        13             @MULFF
 Inline         5             @FTOSD
0     79   7   13             @DIV3232
0    345  32   13             @PRINTF_L32D_9600_62_63FPFPF
0      5   0    0             @const665
0     79   7    4             @PSTRINGC7_9600_62_63
 Inline         0             @cinit1

Program metrics:
    Functions               9
    Statements              57
    Comments                237
    Volume (V)              2593
    Difficulty (D)          29.1
    Effort to implement (E) 75542
    Time to implement (T)   1 hours, 10 minutes
    Est Delivered Bugs (B)  1
    Cyclomatic Complexity   7
    Maintainability (MI)    161

 Segment     Used  Free
-----------  ----  ----
00000-00003     4  0  
00004-007FF  1080  964  
00800-00FFF     0  2048  
01000-017FF     0  2048  
01800-01FFF     0  2048  



