CCS PCM C Compiler, Version 5.008, 5967               14-mai-19 16:52

               Filename:   C:\Users\sky\Documents\CCS C Projects\pont_h\ponte_h.lst

               ROM used:   75 words (1%)
                           Largest free fragment is 2048
               RAM used:   7 (2%) at main() level
                           8 (2%) worst case
               Stack used: 1 locations
               Stack size: 8

*
0000:  MOVLW  00
0001:  MOVWF  0A
0002:  GOTO   01A
0003:  NOP
.................... #include <16F877A.h> 
.................... //////// Standard Header file for the PIC16F877A device //////////////// 
.................... #device PIC16F877A 
....................  
.................... #list 
....................  
.................... #device ADC=10 
....................  
.................... #FUSES NOWDT                    //No Watch Dog Timer 
.................... #FUSES NOBROWNOUT               //No brownout reset 
.................... #FUSES NOLVP                    //No low voltage prgming, B3(PIC16) or B5(PIC18) used for I/O 
....................  
.................... #use delay(crystal=20000000) 
0004:  MOVLW  22
0005:  MOVWF  04
0006:  BCF    03.7
0007:  MOVF   00,W
0008:  BTFSC  03.2
0009:  GOTO   017
000A:  MOVLW  06
000B:  MOVWF  78
000C:  CLRF   77
000D:  DECFSZ 77,F
000E:  GOTO   00D
000F:  DECFSZ 78,F
0010:  GOTO   00C
0011:  MOVLW  7B
0012:  MOVWF  77
0013:  DECFSZ 77,F
0014:  GOTO   013
0015:  DECFSZ 00,F
0016:  GOTO   00A
0017:  BCF    0A.3
0018:  BCF    0A.4
0019:  GOTO   039 (RETURN)
....................  
.................... void main() 
001A:  MOVF   03,W
001B:  ANDLW  1F
001C:  MOVWF  03
001D:  MOVLW  FF
001E:  MOVWF  20
001F:  BSF    03.5
0020:  BSF    1F.0
0021:  BSF    1F.1
0022:  BSF    1F.2
0023:  BCF    1F.3
0024:  MOVLW  07
0025:  MOVWF  1C
0026:  BCF    03.7
.................... { 
....................    output_low(PIN_C4); 
0027:  BCF    03.5
0028:  BCF    20.4
0029:  MOVF   20,W
002A:  BSF    03.5
002B:  MOVWF  07
002C:  BCF    03.5
002D:  BCF    07.4
....................    output_high(PIN_C5); 
002E:  BCF    20.5
002F:  MOVF   20,W
0030:  BSF    03.5
0031:  MOVWF  07
0032:  BCF    03.5
0033:  BSF    07.5
....................     
....................    while(TRUE) 
....................    { 
....................       delay_ms(2000); 
0034:  MOVLW  08
0035:  MOVWF  21
0036:  MOVLW  FA
0037:  MOVWF  22
0038:  GOTO   004
0039:  DECFSZ 21,F
003A:  GOTO   036
....................       output_toggle(PIN_C4); 
003B:  BCF    20.4
003C:  MOVF   20,W
003D:  BSF    03.5
003E:  MOVWF  07
003F:  MOVLW  10
0040:  BCF    03.5
0041:  XORWF  07,F
....................       output_toggle(PIN_C5); 
0042:  BCF    20.5
0043:  MOVF   20,W
0044:  BSF    03.5
0045:  MOVWF  07
0046:  MOVLW  20
0047:  BCF    03.5
0048:  XORWF  07,F
0049:  GOTO   034
....................    } 
....................  
.................... } 
004A:  SLEEP

Configuration Fuses:
   Word  1: 3F32   HS NOWDT PUT NOBROWNOUT NOLVP NOCPD NOWRT NODEBUG NOPROTECT
