
ROM used:   127/8192 (2%)
            127/8192 (2%) including unused fragments

            0.2 Average locations per line
            12.7 Average locations per statement

RAM used:   16/368 (4%) at main() level
            21/368 (6%) worst case

Stack used: 1 worst case (1 in main + 0 for interrupts)
Stack size: 8

Lines Stmts  %   Files
----- ----- ---  -----
   31    10 100  main.c
   10     0   0  main.h
  661     0   0  ..\..\..\..\..\Program Files (x86)\PICC\Devices\16F877A.h
----- -----
  702    10 Total

Page ROM  %  RAM   Vol Diff  Functions:
---- --- --- ---   --- ----  ----------
0     91  72   11   417  4.7  main
0     32  25    6             @WRITEBITA
 Inline         0             @cinit1

Program metrics:
    Functions               1
    Statements              10
    Comments                111
    Volume (V)              422
    Difficulty (D)          4.5
    Effort to implement (E) 1883
    Time to implement (T)   2 minutes
    Est Delivered Bugs (B)  0
    Cyclomatic Complexity   2
    Maintainability (MI)    73

 Segment     Used  Free
-----------  ----  ----
00000-00003     4  0  
00004-007FF   123  1921  
00800-00FFF     0  2048  
01000-017FF     0  2048  
01800-01FFF     0  2048  



