
ROM used:   111/8192 (1%)
            111/8192 (1%) including unused fragments

            0.2 Average locations per line
            9.3 Average locations per statement

RAM used:   6/368 (2%) at main() level
            9/368 (2%) worst case

Stack used: 1 worst case (1 in main + 0 for interrupts)
Stack size: 8

Lines Stmts  %   Files
----- ----- ---  -----
   23    12 100  motorCC.c
   10     0   0  motorCC.h
  661     0   0  ..\..\..\..\..\Program Files (x86)\PICC\Devices\16F877A.h
----- -----
  694    12 Total

Page ROM  %  RAM   Vol Diff  Functions:
---- --- --- ---   --- ----  ----------
0     22  20    1             @delay_ms1
0     85  77    0   268  3.0  main
 Inline         0             @cinit1

Program metrics:
    Functions               1
    Statements              12
    Comments                111
    Volume (V)              272
    Difficulty (D)          2.8
    Effort to implement (E) 757
    Time to implement (T)   1 minutes
    Est Delivered Bugs (B)  0
    Cyclomatic Complexity   1
    Maintainability (MI)    73

 Segment     Used  Free
-----------  ----  ----
00000-00003     4  0  
00004-007FF   107  1937  
00800-00FFF     0  2048  
01000-017FF     0  2048  
01800-01FFF     0  2048  



