
ROM used:   191/1024 (19%)
            191/1024 (19%) including unused fragments

            0.4 Average locations per line
            27.3 Average locations per statement

RAM used:   6/64 (9%) at main() level
            15/64 (23%) worst case

Stack used: 2 worst case (2 in main + 0 for interrupts)
Stack size: 8

Lines Stmts  %   Files
----- ----- ---  -----
   24     7 100  pulso.c
  487     0   0  ..\..\..\..\..\Program Files (x86)\PICC\Devices\12F675.h
----- -----
  511     7 Total

Page ROM  %  RAM   Vol Diff  Functions:
---- --- --- ---   --- ----  ----------
0     34  18    1             @PUTCHAR_1_
0     59  31    0   138  2.4  main
0     88  46    8             @PRINTF_LU_519
 Inline         0             @cinit1

Program metrics:
    Functions               1
    Statements              7
    Comments                87
    Volume (V)              144
    Difficulty (D)          2.1
    Effort to implement (E) 295
    Time to implement (T)   0 minutes
    Est Delivered Bugs (B)  0
    Cyclomatic Complexity   1
    Maintainability (MI)    161

 Segment     Used  Free
-----------  ----  ----
00000-00003     4  0  
00004-003FF   187  833  



