
ROM used:   171/8192 (2%)
            171/8192 (2%) including unused fragments

            0.2 Average locations per line
            9.0 Average locations per statement

RAM used:   8/368 (2%) at main() level
            9/368 (2%) worst case

Stack used: 1 worst case (1 in main + 0 for interrupts)
Stack size: 8

Lines Stmts  %   Files
----- ----- ---  -----
   44    19 100  motorDC_PWM.c
  661     0   0  ..\..\..\Program Files (x86)\PICC\Devices\16F877A.h
----- -----
  705    19 Total

Page ROM  %  RAM   Vol Diff  Functions:
---- --- --- ---   --- ----  ----------
0     22  13    1             @delay_ms1
0    145  85    0   450  3.3  main
 Inline         0             @cinit1

Program metrics:
    Functions               1
    Statements              19
    Comments                112
    Volume (V)              455
    Difficulty (D)          3.2
    Effort to implement (E) 1440
    Time to implement (T)   1 minutes
    Est Delivered Bugs (B)  0
    Cyclomatic Complexity   1
    Maintainability (MI)    60

 Segment     Used  Free
-----------  ----  ----
00000-00003     4  0  
00004-007FF   167  1877  
00800-00FFF     0  2048  
01000-017FF     0  2048  
01800-01FFF     0  2048  



