
ROM used:   412/8192 (5%)
            412/8192 (5%) including unused fragments

            0.5 Average locations per line
            4.7 Average locations per statement

RAM used:   6/368 (2%) at main() level
            18/368 (5%) worst case

Stack used: 5 worst case (5 in main + 0 for interrupts)
Stack size: 8

Lines Stmts  %   Files
----- ----- ---  -----
   27    15  17  LCD.c
   10     0   0  LCD.h
  661     0   0  ..\..\..\..\..\Program Files (x86)\PICC\Devices\16F877A.h
  165    72  83  mod_lcd.h
----- -----
  863    87 Total

Page ROM  %  RAM   Vol Diff  Functions:
---- --- --- ---   --- ----  ----------
0     20   5    1             @delay_ms1
0      8   2    0             @const619
0     39   9    1   260  1.9  lcd_envia_nibble
0     33   8    3   176  2.7  lcd_envia_byte
0     61  15    2   433  4.3  lcd_ini
0     18   4    4   186  5.5  lcd_pos_xy
0     39   9    1   290  4.1  lcd_escreve
0     91  22    1   394  2.3  MAIN
0      9   2    0             @const644
0     75  18    4             @PSTRINGC7_635
0      6   1    0             @const646
0      6   1    0             @const647
0      3   1    0             @const648
 Inline         0             @cinit1

Program metrics:
    Functions               6
    Statements              87
    Comments                157
    Volume (V)              2610
    Difficulty (D)          19.6
    Effort to implement (E) 51152
    Time to implement (T)   47 minutes
    Est Delivered Bugs (B)  0
    Cyclomatic Complexity   8
    Maintainability (MI)    146

 Segment     Used  Free
-----------  ----  ----
00000-00003     4  0  
00004-007FF   408  1636  
00800-00FFF     0  2048  
01000-017FF     0  2048  
01800-01FFF     0  2048  



