
ROM used:   545/8192 (7%)
            545/8192 (7%) including unused fragments

            0.5 Average locations per line
            4.7 Average locations per statement

RAM used:   18/368 (5%) at main() level
            29/368 (8%) worst case

Stack used: 6 worst case (5 in main + 1 for interrupts)
Stack size: 8

Lines Stmts  %   Files
----- ----- ---  -----
   62    16  14  main.c
  661     0   0  ..\..\..\..\..\Program Files (x86)\PICC\Devices\16F877A.h
  456   100  86  ..\..\..\..\..\Program Files (x86)\PICC\Drivers\LCD.C
----- -----
 1179   116 Total

Page ROM  %  RAM   Vol Diff  Functions:
---- --- --- ---   --- ----  ----------
0     20   4    1             @delay_ms1
0      4   1    0    10  0.1  RTCC_isr
0      8   1    0   422  4.6  @const627
 Inline         3   760  4.5  lcd_read_byte
0     49   9    2   262  3.7  lcd_read_nibble
0     48   9    1   399  2.4  lcd_send_nibble
0     94  17    3   415  3.7  lcd_send_byte
0     59  11    2   704  5.0  lcd_init
0     18   3    4   208  6.3  lcd_gotoxy
0     44   8    1   354  4.7  lcd_putc
0     70  13    5   395  4.6  MAIN
0      7   1    0   433  4.7  @const663
0     77  14    4   721  5.5  @PSTRINGC7_646
 Inline         0   354  4.7  @cinit1

Program metrics:
    Functions               13
    Statements              116
    Comments                217
    Volume (V)              8879
    Difficulty (D)          53.8
    Effort to implement (E) 477997
    Time to implement (T)   7 hours, 23 minutes
    Est Delivered Bugs (B)  2
    Cyclomatic Complexity   19
    Maintainability (MI)    104

 Segment     Used  Free
-----------  ----  ----
00000-00003     4  0  
00004-0002E    43  0  
0002F-007FF   498  1503  
00800-00FFF     0  2048  
01000-017FF     0  2048  
01800-01FFF     0  2048  



