
ROM used:   465/8192 (6%)
            465/8192 (6%) including unused fragments

            0.4 Average locations per line
            4.4 Average locations per statement

RAM used:   6/368 (2%) at main() level
            20/368 (5%) worst case

Stack used: 5 worst case (5 in main + 0 for interrupts)
Stack size: 8

Lines Stmts  %   Files
----- ----- ---  -----
   42     6   6  projeto2.c
  661     0   0  ..\..\..\..\..\Program Files (x86)\PICC\Devices\16F877A.h
  456   100  94  ..\..\..\..\..\Program Files (x86)\PICC\Drivers\lcd.c
----- -----
 1159   106 Total

Page ROM  %  RAM   Vol Diff  Functions:
---- --- --- ---   --- ----  ----------
0     20   4    1             @delay_ms1
0      8   2    0             @const626
 Inline         3   760  4.5  lcd_read_byte
0     49  11    2   262  3.7  lcd_read_nibble
0     48  10    1   399  2.4  lcd_send_nibble
0     94  20    3   415  3.7  lcd_send_byte
0     61  13    2   704  5.0  lcd_init
0     18   4    4   208  6.3  lcd_gotoxy
0     44   9    1   354  4.7  lcd_putc
0     32   7    1    94  1.9  MAIN
0     10   2    0             @const660
0     77  17    4             @PSTRINGC7_645
 Inline         0             @cinit1

Program metrics:
    Functions               8
    Statements              106
    Comments                221
    Volume (V)              4846
    Difficulty (D)          31.3
    Effort to implement (E) 151804
    Time to implement (T)   2 hours, 21 minutes
    Est Delivered Bugs (B)  1
    Cyclomatic Complexity   8
    Maintainability (MI)    144

 Segment     Used  Free
-----------  ----  ----
00000-00003     4  0  
00004-007FF   461  1583  
00800-00FFF     0  2048  
01000-017FF     0  2048  
01800-01FFF     0  2048  



